<?xml version="1.0" encoding="UTF-8"?>
<!-- Generated by org.testng.reporters.JUnitXMLReporter -->
<testsuite ignored="0" hostname="TYSS-Yogita" failures="0" tests="5" name="Default test" time="37.683" errors="0" timestamp="2022-11-29T12:06:12 IST">
  <testcase classname="testDataSample.SampleDataProvider" name="registerUser" time="8.045"/>
  <testcase classname="testDataSample.SampleDataProvider" name="registerUser" time="7.398"/>
  <testcase classname="testDataSample.SampleDataProvider" name="registerUser" time="6.858"/>
  <testcase classname="testDataSample.SampleDataProvider" name="registerUser" time="6.66"/>
  <testcase classname="testDataSample.SampleDataProvider" name="registerUser" time="8.24"/>
</testsuite> <!-- Default test -->
