<?xml version="1.0" encoding="UTF-8"?>
<testng-results ignored="0" total="5" passed="5" failed="0" skipped="0">
  <reporter-output>
  </reporter-output>
  <suite started-at="2022-11-29T12:05:35 IST" name="Default suite" finished-at="2022-11-29T12:06:12 IST" duration-ms="37683">
    <groups>
    </groups>
    <test started-at="2022-11-29T12:05:35 IST" name="Default test" finished-at="2022-11-29T12:06:12 IST" duration-ms="37683">
      <class name="testDataSample.SampleDataProvider">
        <test-method signature="registerUser([Ljava.lang.String;)[pri:0, instance:testDataSample.SampleDataProvider@62230c58]" started-at="2022-11-29T12:05:35 IST" name="registerUser" data-provider="multipleNewUsersData" finished-at="2022-11-29T12:05:43 IST" duration-ms="8045" status="PASS">
          <params>
            <param index="0">
              <value>
                <![CDATA[[Ljava.lang.String;@2fd72332]]>
              </value>
            </param>
          </params>
          <reporter-output>
          </reporter-output>
        </test-method> <!-- registerUser -->
        <test-method signature="registerUser([Ljava.lang.String;)[pri:0, instance:testDataSample.SampleDataProvider@62230c58]" started-at="2022-11-29T12:05:43 IST" name="registerUser" data-provider="multipleNewUsersData" finished-at="2022-11-29T12:05:51 IST" duration-ms="7398" status="PASS">
          <params>
            <param index="0">
              <value>
                <![CDATA[[Ljava.lang.String;@51f18e31]]>
              </value>
            </param>
          </params>
          <reporter-output>
          </reporter-output>
        </test-method> <!-- registerUser -->
        <test-method signature="registerUser([Ljava.lang.String;)[pri:0, instance:testDataSample.SampleDataProvider@62230c58]" started-at="2022-11-29T12:05:51 IST" name="registerUser" data-provider="multipleNewUsersData" finished-at="2022-11-29T12:05:57 IST" duration-ms="6858" status="PASS">
          <params>
            <param index="0">
              <value>
                <![CDATA[[Ljava.lang.String;@60ed12e8]]>
              </value>
            </param>
          </params>
          <reporter-output>
          </reporter-output>
        </test-method> <!-- registerUser -->
        <test-method signature="registerUser([Ljava.lang.String;)[pri:0, instance:testDataSample.SampleDataProvider@62230c58]" started-at="2022-11-29T12:05:57 IST" name="registerUser" data-provider="multipleNewUsersData" finished-at="2022-11-29T12:06:04 IST" duration-ms="6660" status="PASS">
          <params>
            <param index="0">
              <value>
                <![CDATA[[Ljava.lang.String;@24c8d8be]]>
              </value>
            </param>
          </params>
          <reporter-output>
          </reporter-output>
        </test-method> <!-- registerUser -->
        <test-method signature="registerUser([Ljava.lang.String;)[pri:0, instance:testDataSample.SampleDataProvider@62230c58]" started-at="2022-11-29T12:06:04 IST" name="registerUser" data-provider="multipleNewUsersData" finished-at="2022-11-29T12:06:12 IST" duration-ms="8240" status="PASS">
          <params>
            <param index="0">
              <value>
                <![CDATA[[Ljava.lang.String;@3290b1a6]]>
              </value>
            </param>
          </params>
          <reporter-output>
          </reporter-output>
        </test-method> <!-- registerUser -->
      </class> <!-- testDataSample.SampleDataProvider -->
    </test> <!-- Default test -->
  </suite> <!-- Default suite -->
</testng-results>
